<<<<<<< HEAD
This is pdfTeX, Version 3.141592653-2.6-1.40.22 (TeX Live 2021) (preloaded format=pdflatex 2021.5.2)  5 MAY 2021 16:53
=======
This is pdfTeX, Version 3.141592653-2.6-1.40.22 (TeX Live 2021) (preloaded format=pdflatex 2021.5.1)  5 MAY 2021 14:52
>>>>>>> 5c5528e6480c907aec177bfba04a6b96c9d6fdd5
entering extended mode
 restricted \write18 enabled.
 %&-line parsing enabled.
**week9demo.tex
(./week9demo.tex
LaTeX2e <2020-10-01> patch level 4
<<<<<<< HEAD
L3 programming layer <2021-02-18> (/Users/lxr/Library/TinyTeX/texmf-dist/tex/la
tex/base/article.cls
Document Class: article 2020/04/10 v1.4m Standard LaTeX document class
(/Users/lxr/Library/TinyTeX/texmf-dist/tex/latex/base/size10.clo
=======
L3 programming layer <2021-02-18> (/Users/smritibhat/Library/TinyTeX/texmf-dist
/tex/latex/base/article.cls
Document Class: article 2020/04/10 v1.4m Standard LaTeX document class
(/Users/smritibhat/Library/TinyTeX/texmf-dist/tex/latex/base/size10.clo
>>>>>>> 5c5528e6480c907aec177bfba04a6b96c9d6fdd5
File: size10.clo 2020/04/10 v1.4m Standard LaTeX file (size option)
)
\c@part=\count179
\c@section=\count180
\c@subsection=\count181
\c@subsubsection=\count182
\c@paragraph=\count183
\c@subparagraph=\count184
\c@figure=\count185
\c@table=\count186
\abovecaptionskip=\skip47
\belowcaptionskip=\skip48
\bibindent=\dimen138
<<<<<<< HEAD
) (/Users/lxr/Library/TinyTeX/texmf-dist/tex/latex/amsmath/amsmath.sty
Package: amsmath 2020/09/23 v2.17i AMS math features
\@mathmargin=\skip49
For additional information on amsmath, use the `?' option.
(/Users/lxr/Library/TinyTeX/texmf-dist/tex/latex/amsmath/amstext.sty
Package: amstext 2000/06/29 v2.01 AMS text
(/Users/lxr/Library/TinyTeX/texmf-dist/tex/latex/amsmath/amsgen.sty
File: amsgen.sty 1999/11/30 v2.0 generic functions
\@emptytoks=\toks15
\ex@=\dimen139
)) (/Users/lxr/Library/TinyTeX/texmf-dist/tex/latex/amsmath/amsbsy.sty
Package: amsbsy 1999/11/29 v1.2d Bold Symbols
\pmbraise@=\dimen140
) (/Users/lxr/Library/TinyTeX/texmf-dist/tex/latex/amsmath/amsopn.sty
=======
) (/Users/smritibhat/Library/TinyTeX/texmf-dist/tex/latex/amsmath/amsmath.sty
Package: amsmath 2020/09/23 v2.17i AMS math features
\@mathmargin=\skip49
For additional information on amsmath, use the `?' option.
(/Users/smritibhat/Library/TinyTeX/texmf-dist/tex/latex/amsmath/amstext.sty
Package: amstext 2000/06/29 v2.01 AMS text
(/Users/smritibhat/Library/TinyTeX/texmf-dist/tex/latex/amsmath/amsgen.sty
File: amsgen.sty 1999/11/30 v2.0 generic functions
\@emptytoks=\toks15
\ex@=\dimen139
)) (/Users/smritibhat/Library/TinyTeX/texmf-dist/tex/latex/amsmath/amsbsy.sty
Package: amsbsy 1999/11/29 v1.2d Bold Symbols
\pmbraise@=\dimen140
) (/Users/smritibhat/Library/TinyTeX/texmf-dist/tex/latex/amsmath/amsopn.sty
>>>>>>> 5c5528e6480c907aec177bfba04a6b96c9d6fdd5
Package: amsopn 2016/03/08 v2.02 operator names
)
\inf@bad=\count187
LaTeX Info: Redefining \frac on input line 234.
\uproot@=\count188
\leftroot@=\count189
LaTeX Info: Redefining \overline on input line 399.
\classnum@=\count190
\DOTSCASE@=\count191
LaTeX Info: Redefining \ldots on input line 496.
LaTeX Info: Redefining \dots on input line 499.
LaTeX Info: Redefining \cdots on input line 620.
\Mathstrutbox@=\box47
\strutbox@=\box48
\big@size=\dimen141
LaTeX Font Info:    Redeclaring font encoding OML on input line 743.
LaTeX Font Info:    Redeclaring font encoding OMS on input line 744.
\macc@depth=\count192
\c@MaxMatrixCols=\count193
\dotsspace@=\muskip16
\c@parentequation=\count194
\dspbrk@lvl=\count195
\tag@help=\toks16
\row@=\count196
\column@=\count197
\maxfields@=\count198
\andhelp@=\toks17
\eqnshift@=\dimen142
\alignsep@=\dimen143
\tagshift@=\dimen144
\tagwidth@=\dimen145
\totwidth@=\dimen146
\lineht@=\dimen147
\@envbody=\toks18
\multlinegap=\skip50
\multlinetaggap=\skip51
\mathdisplay@stack=\toks19
LaTeX Info: Redefining \[ on input line 2923.
LaTeX Info: Redefining \] on input line 2924.
<<<<<<< HEAD
) (/Users/lxr/Library/TinyTeX/texmf-dist/tex/latex/amsfonts/amssymb.sty
Package: amssymb 2013/01/14 v3.01 AMS font symbols
(/Users/lxr/Library/TinyTeX/texmf-dist/tex/latex/amsfonts/amsfonts.sty
=======
) (/Users/smritibhat/Library/TinyTeX/texmf-dist/tex/latex/amsfonts/amssymb.sty
Package: amssymb 2013/01/14 v3.01 AMS font symbols
(/Users/smritibhat/Library/TinyTeX/texmf-dist/tex/latex/amsfonts/amsfonts.sty
>>>>>>> 5c5528e6480c907aec177bfba04a6b96c9d6fdd5
Package: amsfonts 2013/01/14 v3.01 Basic AMSFonts support
\symAMSa=\mathgroup4
\symAMSb=\mathgroup5
LaTeX Font Info:    Redeclaring math symbol \hbar on input line 98.
LaTeX Font Info:    Overwriting math alphabet `\mathfrak' in version `bold'
(Font)                  U/euf/m/n --> U/euf/b/n on input line 106.
<<<<<<< HEAD
)) (/Users/lxr/Library/TinyTeX/texmf-dist/tex/latex/lm/lmodern.sty
=======
)) (/Users/smritibhat/Library/TinyTeX/texmf-dist/tex/latex/lm/lmodern.sty
>>>>>>> 5c5528e6480c907aec177bfba04a6b96c9d6fdd5
Package: lmodern 2015/05/01 v1.6.1 Latin Modern Fonts
LaTeX Font Info:    Overwriting symbol font `operators' in version `normal'
(Font)                  OT1/cmr/m/n --> OT1/lmr/m/n on input line 22.
LaTeX Font Info:    Overwriting symbol font `letters' in version `normal'
(Font)                  OML/cmm/m/it --> OML/lmm/m/it on input line 23.
LaTeX Font Info:    Overwriting symbol font `symbols' in version `normal'
(Font)                  OMS/cmsy/m/n --> OMS/lmsy/m/n on input line 24.
LaTeX Font Info:    Overwriting symbol font `largesymbols' in version `normal'
(Font)                  OMX/cmex/m/n --> OMX/lmex/m/n on input line 25.
LaTeX Font Info:    Overwriting symbol font `operators' in version `bold'
(Font)                  OT1/cmr/bx/n --> OT1/lmr/bx/n on input line 26.
LaTeX Font Info:    Overwriting symbol font `letters' in version `bold'
(Font)                  OML/cmm/b/it --> OML/lmm/b/it on input line 27.
LaTeX Font Info:    Overwriting symbol font `symbols' in version `bold'
(Font)                  OMS/cmsy/b/n --> OMS/lmsy/b/n on input line 28.
LaTeX Font Info:    Overwriting symbol font `largesymbols' in version `bold'
(Font)                  OMX/cmex/m/n --> OMX/lmex/m/n on input line 29.
LaTeX Font Info:    Overwriting math alphabet `\mathbf' in version `normal'
(Font)                  OT1/cmr/bx/n --> OT1/lmr/bx/n on input line 31.
LaTeX Font Info:    Overwriting math alphabet `\mathsf' in version `normal'
(Font)                  OT1/cmss/m/n --> OT1/lmss/m/n on input line 32.
LaTeX Font Info:    Overwriting math alphabet `\mathit' in version `normal'
(Font)                  OT1/cmr/m/it --> OT1/lmr/m/it on input line 33.
LaTeX Font Info:    Overwriting math alphabet `\mathtt' in version `normal'
(Font)                  OT1/cmtt/m/n --> OT1/lmtt/m/n on input line 34.
LaTeX Font Info:    Overwriting math alphabet `\mathbf' in version `bold'
(Font)                  OT1/cmr/bx/n --> OT1/lmr/bx/n on input line 35.
LaTeX Font Info:    Overwriting math alphabet `\mathsf' in version `bold'
(Font)                  OT1/cmss/bx/n --> OT1/lmss/bx/n on input line 36.
LaTeX Font Info:    Overwriting math alphabet `\mathit' in version `bold'
(Font)                  OT1/cmr/bx/it --> OT1/lmr/bx/it on input line 37.
LaTeX Font Info:    Overwriting math alphabet `\mathtt' in version `bold'
(Font)                  OT1/cmtt/m/n --> OT1/lmtt/m/n on input line 38.
<<<<<<< HEAD
) (/Users/lxr/Library/TinyTeX/texmf-dist/tex/generic/iftex/ifxetex.sty
Package: ifxetex 2019/10/25 v0.7 ifxetex legacy package. Use iftex instead.
(/Users/lxr/Library/TinyTeX/texmf-dist/tex/generic/iftex/iftex.sty
Package: iftex 2020/03/06 v1.0d TeX engine tests
)) (/Users/lxr/Library/TinyTeX/texmf-dist/tex/generic/iftex/ifluatex.sty
Package: ifluatex 2019/10/25 v1.5 ifluatex legacy package. Use iftex instead.
) (/Users/lxr/Library/TinyTeX/texmf-dist/tex/latex/base/fontenc.sty
Package: fontenc 2020/08/10 v2.0s Standard LaTeX package
LaTeX Font Info:    Trying to load font information for T1+lmr on input line 11
2.
(/Users/lxr/Library/TinyTeX/texmf-dist/tex/latex/lm/t1lmr.fd
File: t1lmr.fd 2015/05/01 v1.6.1 Font defs for Latin Modern
)) (/Users/lxr/Library/TinyTeX/texmf-dist/tex/latex/base/inputenc.sty
Package: inputenc 2020/08/01 v1.3d Input encoding file
\inpenc@prehook=\toks20
\inpenc@posthook=\toks21
) (/Users/lxr/Library/TinyTeX/texmf-dist/tex/latex/base/textcomp.sty
Package: textcomp 2020/02/02 v2.0n Standard LaTeX package
) (/Users/lxr/Library/TinyTeX/texmf-dist/tex/latex/xcolor/xcolor.sty
Package: xcolor 2016/05/11 v2.12 LaTeX color extensions (UK)
(/Users/lxr/Library/TinyTeX/texmf-dist/tex/latex/graphics-cfg/color.cfg
File: color.cfg 2016/01/02 v1.6 sample color configuration
)
Package xcolor Info: Driver file: pdftex.def on input line 225.
(/Users/lxr/Library/TinyTeX/texmf-dist/tex/latex/graphics-def/pdftex.def
=======
) (/Users/smritibhat/Library/TinyTeX/texmf-dist/tex/generic/iftex/ifxetex.sty
Package: ifxetex 2019/10/25 v0.7 ifxetex legacy package. Use iftex instead.
(/Users/smritibhat/Library/TinyTeX/texmf-dist/tex/generic/iftex/iftex.sty
Package: iftex 2020/03/06 v1.0d TeX engine tests
)) (/Users/smritibhat/Library/TinyTeX/texmf-dist/tex/generic/iftex/ifluatex.sty
Package: ifluatex 2019/10/25 v1.5 ifluatex legacy package. Use iftex instead.
) (/Users/smritibhat/Library/TinyTeX/texmf-dist/tex/latex/base/fontenc.sty
Package: fontenc 2020/08/10 v2.0s Standard LaTeX package
LaTeX Font Info:    Trying to load font information for T1+lmr on input line 11
2.
(/Users/smritibhat/Library/TinyTeX/texmf-dist/tex/latex/lm/t1lmr.fd
File: t1lmr.fd 2015/05/01 v1.6.1 Font defs for Latin Modern
)) (/Users/smritibhat/Library/TinyTeX/texmf-dist/tex/latex/base/inputenc.sty
Package: inputenc 2020/08/01 v1.3d Input encoding file
\inpenc@prehook=\toks20
\inpenc@posthook=\toks21
) (/Users/smritibhat/Library/TinyTeX/texmf-dist/tex/latex/base/textcomp.sty
Package: textcomp 2020/02/02 v2.0n Standard LaTeX package
)
(/Users/smritibhat/Library/TinyTeX/texmf-dist/tex/latex/microtype/microtype.sty
Package: microtype 2021/03/14 v2.8c Micro-typographical refinements (RS)
(/Users/smritibhat/Library/TinyTeX/texmf-dist/tex/latex/graphics/keyval.sty
Package: keyval 2014/10/28 v1.15 key=value parser (DPC)
\KV@toks@=\toks22
)
\MT@toks=\toks23
\MT@count=\count199
LaTeX Info: Redefining \textls on input line 790.
\MT@outer@kern=\dimen148
LaTeX Info: Redefining \textmicrotypecontext on input line 1374.
\MT@listname@count=\count266

(/Users/smritibhat/Library/TinyTeX/texmf-dist/tex/latex/microtype/microtype-pdf
tex.def
File: microtype-pdftex.def 2021/03/14 v2.8c Definitions specific to pdftex (RS)

LaTeX Info: Redefining \lsstyle on input line 915.
LaTeX Info: Redefining \lslig on input line 915.
\MT@outer@space=\skip52
)
Package microtype Info: Loading configuration file microtype.cfg.

(/Users/smritibhat/Library/TinyTeX/texmf-dist/tex/latex/microtype/microtype.cfg
File: microtype.cfg 2021/03/14 v2.8c microtype main configuration file (RS)
)) (/Users/smritibhat/Library/TinyTeX/texmf-dist/tex/latex/xcolor/xcolor.sty
Package: xcolor 2016/05/11 v2.12 LaTeX color extensions (UK)
(/Users/smritibhat/Library/TinyTeX/texmf-dist/tex/latex/graphics-cfg/color.cfg
File: color.cfg 2016/01/02 v1.6 sample color configuration
)
Package xcolor Info: Driver file: pdftex.def on input line 225.

(/Users/smritibhat/Library/TinyTeX/texmf-dist/tex/latex/graphics-def/pdftex.def
>>>>>>> 5c5528e6480c907aec177bfba04a6b96c9d6fdd5
File: pdftex.def 2020/10/05 v1.2a Graphics/color driver for pdftex
)
Package xcolor Info: Model `cmy' substituted by `cmy0' on input line 1348.
Package xcolor Info: Model `hsb' substituted by `rgb' on input line 1352.
Package xcolor Info: Model `RGB' extended on input line 1364.
Package xcolor Info: Model `HTML' substituted by `rgb' on input line 1366.
Package xcolor Info: Model `Hsb' substituted by `hsb' on input line 1367.
Package xcolor Info: Model `tHsb' substituted by `hsb' on input line 1368.
Package xcolor Info: Model `HSB' substituted by `hsb' on input line 1369.
Package xcolor Info: Model `Gray' substituted by `gray' on input line 1370.
Package xcolor Info: Model `wave' substituted by `hsb' on input line 1371.
<<<<<<< HEAD
) (/Users/lxr/Library/TinyTeX/texmf-dist/tex/latex/hyperref/hyperref.sty
Package: hyperref 2021-02-27 v7.00k Hypertext links for LaTeX
(/Users/lxr/Library/TinyTeX/texmf-dist/tex/generic/ltxcmds/ltxcmds.sty
Package: ltxcmds 2020-05-10 v1.25 LaTeX kernel commands for general use (HO)
) (/Users/lxr/Library/TinyTeX/texmf-dist/tex/generic/pdftexcmds/pdftexcmds.sty
Package: pdftexcmds 2020-06-27 v0.33 Utility functions of pdfTeX for LuaTeX (HO
)
(/Users/lxr/Library/TinyTeX/texmf-dist/tex/generic/infwarerr/infwarerr.sty
=======
) (/Users/smritibhat/Library/TinyTeX/texmf-dist/tex/latex/hyperref/hyperref.sty
Package: hyperref 2021-02-27 v7.00k Hypertext links for LaTeX
(/Users/smritibhat/Library/TinyTeX/texmf-dist/tex/generic/ltxcmds/ltxcmds.sty
Package: ltxcmds 2020-05-10 v1.25 LaTeX kernel commands for general use (HO)
)
(/Users/smritibhat/Library/TinyTeX/texmf-dist/tex/generic/pdftexcmds/pdftexcmds
.sty
Package: pdftexcmds 2020-06-27 v0.33 Utility functions of pdfTeX for LuaTeX (HO
)

(/Users/smritibhat/Library/TinyTeX/texmf-dist/tex/generic/infwarerr/infwarerr.s
ty
>>>>>>> 5c5528e6480c907aec177bfba04a6b96c9d6fdd5
Package: infwarerr 2019/12/03 v1.5 Providing info/warning/error messages (HO)
)
Package pdftexcmds Info: \pdf@primitive is available.
Package pdftexcmds Info: \pdf@ifprimitive is available.
Package pdftexcmds Info: \pdfdraftmode found.
<<<<<<< HEAD
) (/Users/lxr/Library/TinyTeX/texmf-dist/tex/latex/graphics/keyval.sty
Package: keyval 2014/10/28 v1.15 key=value parser (DPC)
\KV@toks@=\toks22
) (/Users/lxr/Library/TinyTeX/texmf-dist/tex/generic/kvsetkeys/kvsetkeys.sty
Package: kvsetkeys 2019/12/15 v1.18 Key value parser (HO)
)
(/Users/lxr/Library/TinyTeX/texmf-dist/tex/generic/kvdefinekeys/kvdefinekeys.st
y
Package: kvdefinekeys 2019-12-19 v1.6 Define keys (HO)
) (/Users/lxr/Library/TinyTeX/texmf-dist/tex/generic/pdfescape/pdfescape.sty
Package: pdfescape 2019/12/09 v1.15 Implements pdfTeX's escape features (HO)
) (/Users/lxr/Library/TinyTeX/texmf-dist/tex/latex/hycolor/hycolor.sty
Package: hycolor 2020-01-27 v1.10 Color options for hyperref/bookmark (HO)
) (/Users/lxr/Library/TinyTeX/texmf-dist/tex/latex/letltxmacro/letltxmacro.sty
Package: letltxmacro 2019/12/03 v1.6 Let assignment for LaTeX macros (HO)
) (/Users/lxr/Library/TinyTeX/texmf-dist/tex/latex/auxhook/auxhook.sty
Package: auxhook 2019-12-17 v1.6 Hooks for auxiliary files (HO)
) (/Users/lxr/Library/TinyTeX/texmf-dist/tex/latex/kvoptions/kvoptions.sty
Package: kvoptions 2020-10-07 v3.14 Key value format for package options (HO)
)
\@linkdim=\dimen148
\Hy@linkcounter=\count199
\Hy@pagecounter=\count266
(/Users/lxr/Library/TinyTeX/texmf-dist/tex/latex/hyperref/pd1enc.def
=======
)
(/Users/smritibhat/Library/TinyTeX/texmf-dist/tex/generic/kvsetkeys/kvsetkeys.s
ty
Package: kvsetkeys 2019/12/15 v1.18 Key value parser (HO)
)
(/Users/smritibhat/Library/TinyTeX/texmf-dist/tex/generic/kvdefinekeys/kvdefine
keys.sty
Package: kvdefinekeys 2019-12-19 v1.6 Define keys (HO)
)
(/Users/smritibhat/Library/TinyTeX/texmf-dist/tex/generic/pdfescape/pdfescape.s
ty
Package: pdfescape 2019/12/09 v1.15 Implements pdfTeX's escape features (HO)
) (/Users/smritibhat/Library/TinyTeX/texmf-dist/tex/latex/hycolor/hycolor.sty
Package: hycolor 2020-01-27 v1.10 Color options for hyperref/bookmark (HO)
)
(/Users/smritibhat/Library/TinyTeX/texmf-dist/tex/latex/letltxmacro/letltxmacro
.sty
Package: letltxmacro 2019/12/03 v1.6 Let assignment for LaTeX macros (HO)
) (/Users/smritibhat/Library/TinyTeX/texmf-dist/tex/latex/auxhook/auxhook.sty
Package: auxhook 2019-12-17 v1.6 Hooks for auxiliary files (HO)
)
(/Users/smritibhat/Library/TinyTeX/texmf-dist/tex/latex/kvoptions/kvoptions.sty
Package: kvoptions 2020-10-07 v3.14 Key value format for package options (HO)
)
\@linkdim=\dimen149
\Hy@linkcounter=\count267
\Hy@pagecounter=\count268
(/Users/smritibhat/Library/TinyTeX/texmf-dist/tex/latex/hyperref/pd1enc.def
>>>>>>> 5c5528e6480c907aec177bfba04a6b96c9d6fdd5
File: pd1enc.def 2021-02-27 v7.00k Hyperref: PDFDocEncoding definition (HO)
Now handling font encoding PD1 ...
... no UTF-8 mapping file for font encoding PD1
)
<<<<<<< HEAD
(/Users/lxr/Library/TinyTeX/texmf-dist/tex/latex/hyperref/hyperref-langpatches.
def
File: hyperref-langpatches.def 2021-02-27 v7.00k Hyperref: patches for babel la
nguages
) (/Users/lxr/Library/TinyTeX/texmf-dist/tex/generic/intcalc/intcalc.sty
Package: intcalc 2019/12/15 v1.3 Expandable calculations with integers (HO)
) (/Users/lxr/Library/TinyTeX/texmf-dist/tex/generic/etexcmds/etexcmds.sty
Package: etexcmds 2019/12/15 v1.7 Avoid name clashes with e-TeX commands (HO)
)
\Hy@SavedSpaceFactor=\count267
(/Users/lxr/Library/TinyTeX/texmf-dist/tex/latex/hyperref/puenc.def
=======
(/Users/smritibhat/Library/TinyTeX/texmf-dist/tex/latex/hyperref/hyperref-langp
atches.def
File: hyperref-langpatches.def 2021-02-27 v7.00k Hyperref: patches for babel la
nguages
) (/Users/smritibhat/Library/TinyTeX/texmf-dist/tex/generic/intcalc/intcalc.sty
Package: intcalc 2019/12/15 v1.3 Expandable calculations with integers (HO)
)
(/Users/smritibhat/Library/TinyTeX/texmf-dist/tex/generic/etexcmds/etexcmds.sty
Package: etexcmds 2019/12/15 v1.7 Avoid name clashes with e-TeX commands (HO)
)
\Hy@SavedSpaceFactor=\count269
(/Users/smritibhat/Library/TinyTeX/texmf-dist/tex/latex/hyperref/puenc.def
>>>>>>> 5c5528e6480c907aec177bfba04a6b96c9d6fdd5
File: puenc.def 2021-02-27 v7.00k Hyperref: PDF Unicode definition (HO)
Now handling font encoding PU ...
... no UTF-8 mapping file for font encoding PU
)
Package hyperref Info: Option `unicode' set `true' on input line 4073.
Package hyperref Info: Hyper figures OFF on input line 4192.
Package hyperref Info: Link nesting OFF on input line 4197.
Package hyperref Info: Hyper index ON on input line 4200.
Package hyperref Info: Plain pages OFF on input line 4207.
Package hyperref Info: Backreferencing OFF on input line 4212.
Package hyperref Info: Implicit mode ON; LaTeX internals redefined.
Package hyperref Info: Bookmarks ON on input line 4445.
<<<<<<< HEAD
\c@Hy@tempcnt=\count268
(/Users/lxr/Library/TinyTeX/texmf-dist/tex/latex/url/url.sty
=======
\c@Hy@tempcnt=\count270
(/Users/smritibhat/Library/TinyTeX/texmf-dist/tex/latex/url/url.sty
>>>>>>> 5c5528e6480c907aec177bfba04a6b96c9d6fdd5
\Urlmuskip=\muskip17
Package: url 2013/09/16  ver 3.4  Verb mode for urls, etc.
)
LaTeX Info: Redefining \url on input line 4804.
<<<<<<< HEAD
\XeTeXLinkMargin=\dimen149
(/Users/lxr/Library/TinyTeX/texmf-dist/tex/generic/bitset/bitset.sty
Package: bitset 2019/12/09 v1.3 Handle bit-vector datatype (HO)
(/Users/lxr/Library/TinyTeX/texmf-dist/tex/generic/bigintcalc/bigintcalc.sty
Package: bigintcalc 2019/12/15 v1.5 Expandable calculations on big integers (HO
)
))
\Fld@menulength=\count269
\Field@Width=\dimen150
\Fld@charsize=\dimen151
=======
\XeTeXLinkMargin=\dimen150
(/Users/smritibhat/Library/TinyTeX/texmf-dist/tex/generic/bitset/bitset.sty
Package: bitset 2019/12/09 v1.3 Handle bit-vector datatype (HO)

(/Users/smritibhat/Library/TinyTeX/texmf-dist/tex/generic/bigintcalc/bigintcalc
.sty
Package: bigintcalc 2019/12/15 v1.5 Expandable calculations on big integers (HO
)
))
\Fld@menulength=\count271
\Field@Width=\dimen151
\Fld@charsize=\dimen152
>>>>>>> 5c5528e6480c907aec177bfba04a6b96c9d6fdd5
Package hyperref Info: Hyper figures OFF on input line 6075.
Package hyperref Info: Link nesting OFF on input line 6080.
Package hyperref Info: Hyper index ON on input line 6083.
Package hyperref Info: backreferencing OFF on input line 6090.
Package hyperref Info: Link coloring OFF on input line 6095.
Package hyperref Info: Link coloring with OCG OFF on input line 6100.
Package hyperref Info: PDF/A mode OFF on input line 6105.
LaTeX Info: Redefining \ref on input line 6145.
LaTeX Info: Redefining \pageref on input line 6149.
<<<<<<< HEAD
(/Users/lxr/Library/TinyTeX/texmf-dist/tex/latex/base/atbegshi-ltx.sty
=======
(/Users/smritibhat/Library/TinyTeX/texmf-dist/tex/latex/base/atbegshi-ltx.sty
>>>>>>> 5c5528e6480c907aec177bfba04a6b96c9d6fdd5
Package: atbegshi-ltx 2020/08/17 v1.0a Emulation of the original atbegshi packa
ge
with kernel methods
)
<<<<<<< HEAD
\Hy@abspage=\count270
\c@Item=\count271
\c@Hfootnote=\count272
)
Package hyperref Info: Driver (autodetected): hpdftex.
(/Users/lxr/Library/TinyTeX/texmf-dist/tex/latex/hyperref/hpdftex.def
File: hpdftex.def 2021-02-27 v7.00k Hyperref driver for pdfTeX
(/Users/lxr/Library/TinyTeX/texmf-dist/tex/latex/base/atveryend-ltx.sty
=======
\Hy@abspage=\count272
\c@Item=\count273
\c@Hfootnote=\count274
)
Package hyperref Info: Driver (autodetected): hpdftex.
(/Users/smritibhat/Library/TinyTeX/texmf-dist/tex/latex/hyperref/hpdftex.def
File: hpdftex.def 2021-02-27 v7.00k Hyperref driver for pdfTeX
(/Users/smritibhat/Library/TinyTeX/texmf-dist/tex/latex/base/atveryend-ltx.sty
>>>>>>> 5c5528e6480c907aec177bfba04a6b96c9d6fdd5
Package: atveryend-ltx 2020/08/19 v1.0a Emulation of the original atvery packag
e
with kernel methods
)
<<<<<<< HEAD
\Fld@listcount=\count273
\c@bookmark@seq@number=\count274

(/Users/lxr/Library/TinyTeX/texmf-dist/tex/latex/rerunfilecheck/rerunfilecheck.
sty
Package: rerunfilecheck 2019/12/05 v1.9 Rerun checks for auxiliary files (HO)

(/Users/lxr/Library/TinyTeX/texmf-dist/tex/generic/uniquecounter/uniquecounter.
sty
=======
\Fld@listcount=\count275
\c@bookmark@seq@number=\count276

(/Users/smritibhat/Library/TinyTeX/texmf-dist/tex/latex/rerunfilecheck/rerunfil
echeck.sty
Package: rerunfilecheck 2019/12/05 v1.9 Rerun checks for auxiliary files (HO)

(/Users/smritibhat/Library/TinyTeX/texmf-dist/tex/generic/uniquecounter/uniquec
ounter.sty
>>>>>>> 5c5528e6480c907aec177bfba04a6b96c9d6fdd5
Package: uniquecounter 2019/12/15 v1.4 Provide unlimited unique counter (HO)
)
Package uniquecounter Info: New unique counter `rerunfilecheck' on input line 2
86.
)
<<<<<<< HEAD
\Hy@SectionHShift=\skip52
) (/Users/lxr/Library/TinyTeX/texmf-dist/tex/latex/geometry/geometry.sty
Package: geometry 2020/01/02 v5.9 Page Geometry
(/Users/lxr/Library/TinyTeX/texmf-dist/tex/generic/iftex/ifvtex.sty
Package: ifvtex 2019/10/25 v1.7 ifvtex legacy package. Use iftex instead.
)
\Gm@cnth=\count275
\Gm@cntv=\count276
\c@Gm@tempcnt=\count277
\Gm@bindingoffset=\dimen152
\Gm@wd@mp=\dimen153
\Gm@odd@mp=\dimen154
\Gm@even@mp=\dimen155
\Gm@layoutwidth=\dimen156
\Gm@layoutheight=\dimen157
\Gm@layouthoffset=\dimen158
\Gm@layoutvoffset=\dimen159
\Gm@dimlist=\toks23
) (/Users/lxr/Library/TinyTeX/texmf-dist/tex/latex/graphics/graphicx.sty
Package: graphicx 2020/09/09 v1.2b Enhanced LaTeX Graphics (DPC,SPQR)
(/Users/lxr/Library/TinyTeX/texmf-dist/tex/latex/graphics/graphics.sty
Package: graphics 2020/08/30 v1.4c Standard LaTeX Graphics (DPC,SPQR)
(/Users/lxr/Library/TinyTeX/texmf-dist/tex/latex/graphics/trig.sty
Package: trig 2016/01/03 v1.10 sin cos tan (DPC)
) (/Users/lxr/Library/TinyTeX/texmf-dist/tex/latex/graphics-cfg/graphics.cfg
=======
\Hy@SectionHShift=\skip53
) (/Users/smritibhat/Library/TinyTeX/texmf-dist/tex/latex/geometry/geometry.sty
Package: geometry 2020/01/02 v5.9 Page Geometry
(/Users/smritibhat/Library/TinyTeX/texmf-dist/tex/generic/iftex/ifvtex.sty
Package: ifvtex 2019/10/25 v1.7 ifvtex legacy package. Use iftex instead.
)
\Gm@cnth=\count277
\Gm@cntv=\count278
\c@Gm@tempcnt=\count279
\Gm@bindingoffset=\dimen153
\Gm@wd@mp=\dimen154
\Gm@odd@mp=\dimen155
\Gm@even@mp=\dimen156
\Gm@layoutwidth=\dimen157
\Gm@layoutheight=\dimen158
\Gm@layouthoffset=\dimen159
\Gm@layoutvoffset=\dimen160
\Gm@dimlist=\toks24
) (/Users/smritibhat/Library/TinyTeX/texmf-dist/tex/latex/graphics/graphicx.sty
Package: graphicx 2020/09/09 v1.2b Enhanced LaTeX Graphics (DPC,SPQR)
(/Users/smritibhat/Library/TinyTeX/texmf-dist/tex/latex/graphics/graphics.sty
Package: graphics 2020/08/30 v1.4c Standard LaTeX Graphics (DPC,SPQR)
(/Users/smritibhat/Library/TinyTeX/texmf-dist/tex/latex/graphics/trig.sty
Package: trig 2016/01/03 v1.10 sin cos tan (DPC)
)
(/Users/smritibhat/Library/TinyTeX/texmf-dist/tex/latex/graphics-cfg/graphics.c
fg
>>>>>>> 5c5528e6480c907aec177bfba04a6b96c9d6fdd5
File: graphics.cfg 2016/06/04 v1.11 sample graphics configuration
)
Package graphics Info: Driver file: pdftex.def on input line 105.
)
<<<<<<< HEAD
\Gin@req@height=\dimen160
\Gin@req@width=\dimen161
)

! LaTeX Error: File `titling.sty' not found.

Type X to quit or <RETURN> to proceed,
or enter new name. (Default extension: sty)

Enter file name: 
! Emergency stop.
<read *> 
         
l.63 \usepackage
                {float}^^M 
Here is how much of TeX's memory you used:
 9266 strings out of 480954
 129861 string characters out of 5906450
 422760 words of memory out of 5000000
 26412 multiletter control sequences out of 15000+600000
 406420 words of font info for 28 fonts, out of 8000000 for 9000
 14 hyphenation exceptions out of 8191
 71i,0n,74p,243b,270s stack positions out of 5000i,500n,10000p,200000b,80000s

!  ==> Fatal error occurred, no output PDF file produced!
=======
\Gin@req@height=\dimen161
\Gin@req@width=\dimen162
) (/Users/smritibhat/Library/TinyTeX/texmf-dist/tex/latex/titling/titling.sty
Package: titling 2009/09/04 v2.1d maketitle typesetting
\thanksmarkwidth=\skip54
\thanksmargin=\skip55
\droptitle=\skip56
) (/Users/smritibhat/Library/TinyTeX/texmf-dist/tex/latex/float/float.sty
Package: float 2001/11/08 v1.3d Float enhancements (AL)
\c@float@type=\count280
\float@exts=\toks25
\float@box=\box49
\@float@everytoks=\toks26
\@floatcapt=\box50
)
(/Users/smritibhat/Library/TinyTeX/texmf-dist/tex/latex/fontawesome/fontawesome
.sty
Package: fontawesome 2016/05/15 v4.6.3.1 font awesome icons

(/Users/smritibhat/Library/TinyTeX/texmf-dist/tex/latex/fontawesome/fontawesome
symbols-generic.tex)
(/Users/smritibhat/Library/TinyTeX/texmf-dist/tex/latex/fontawesome/fontawesome
symbols-pdftex.tex))
(/Users/smritibhat/Library/TinyTeX/texmf-dist/tex/latex/tcolorbox/tcolorbox.sty
Package: tcolorbox 2020/10/09 version 4.42 text color boxes
(/Users/smritibhat/Library/TinyTeX/texmf-dist/tex/latex/pgf/basiclayer/pgf.sty
(/Users/smritibhat/Library/TinyTeX/texmf-dist/tex/latex/pgf/utilities/pgfrcs.st
y
(/Users/smritibhat/Library/TinyTeX/texmf-dist/tex/generic/pgf/utilities/pgfutil
-common.tex
\pgfutil@everybye=\toks27
\pgfutil@tempdima=\dimen163
\pgfutil@tempdimb=\dimen164

(/Users/smritibhat/Library/TinyTeX/texmf-dist/tex/generic/pgf/utilities/pgfutil
-common-lists.tex))
(/Users/smritibhat/Library/TinyTeX/texmf-dist/tex/generic/pgf/utilities/pgfutil
-latex.def
\pgfutil@abb=\box51
)
(/Users/smritibhat/Library/TinyTeX/texmf-dist/tex/generic/pgf/utilities/pgfrcs.
code.tex (/Users/smritibhat/Library/TinyTeX/texmf-dist/tex/generic/pgf/pgf.revi
sion.tex)
Package: pgfrcs 2020/12/27 v3.1.8b (3.1.8b)
))
Package: pgf 2020/12/27 v3.1.8b (3.1.8b)

(/Users/smritibhat/Library/TinyTeX/texmf-dist/tex/latex/pgf/basiclayer/pgfcore.
sty
(/Users/smritibhat/Library/TinyTeX/texmf-dist/tex/latex/pgf/systemlayer/pgfsys.
sty
(/Users/smritibhat/Library/TinyTeX/texmf-dist/tex/generic/pgf/systemlayer/pgfsy
s.code.tex
Package: pgfsys 2020/12/27 v3.1.8b (3.1.8b)

(/Users/smritibhat/Library/TinyTeX/texmf-dist/tex/generic/pgf/utilities/pgfkeys
.code.tex
\pgfkeys@pathtoks=\toks28
\pgfkeys@temptoks=\toks29

(/Users/smritibhat/Library/TinyTeX/texmf-dist/tex/generic/pgf/utilities/pgfkeys
filtered.code.tex
\pgfkeys@tmptoks=\toks30
))
\pgf@x=\dimen165
\pgf@y=\dimen166
\pgf@xa=\dimen167
\pgf@ya=\dimen168
\pgf@xb=\dimen169
\pgf@yb=\dimen170
\pgf@xc=\dimen171
\pgf@yc=\dimen172
\pgf@xd=\dimen173
\pgf@yd=\dimen174
\w@pgf@writea=\write3
\r@pgf@reada=\read2
\c@pgf@counta=\count281
\c@pgf@countb=\count282
\c@pgf@countc=\count283
\c@pgf@countd=\count284
\t@pgf@toka=\toks31
\t@pgf@tokb=\toks32
\t@pgf@tokc=\toks33
\pgf@sys@id@count=\count285

(/Users/smritibhat/Library/TinyTeX/texmf-dist/tex/generic/pgf/systemlayer/pgf.c
fg
File: pgf.cfg 2020/12/27 v3.1.8b (3.1.8b)
)
Driver file for pgf: pgfsys-pdftex.def

(/Users/smritibhat/Library/TinyTeX/texmf-dist/tex/generic/pgf/systemlayer/pgfsy
s-pdftex.def
File: pgfsys-pdftex.def 2020/12/27 v3.1.8b (3.1.8b)

(/Users/smritibhat/Library/TinyTeX/texmf-dist/tex/generic/pgf/systemlayer/pgfsy
s-common-pdf.def
File: pgfsys-common-pdf.def 2020/12/27 v3.1.8b (3.1.8b)
)))
(/Users/smritibhat/Library/TinyTeX/texmf-dist/tex/generic/pgf/systemlayer/pgfsy
ssoftpath.code.tex
File: pgfsyssoftpath.code.tex 2020/12/27 v3.1.8b (3.1.8b)
\pgfsyssoftpath@smallbuffer@items=\count286
\pgfsyssoftpath@bigbuffer@items=\count287
)
(/Users/smritibhat/Library/TinyTeX/texmf-dist/tex/generic/pgf/systemlayer/pgfsy
sprotocol.code.tex
File: pgfsysprotocol.code.tex 2020/12/27 v3.1.8b (3.1.8b)
))
(/Users/smritibhat/Library/TinyTeX/texmf-dist/tex/generic/pgf/basiclayer/pgfcor
e.code.tex
Package: pgfcore 2020/12/27 v3.1.8b (3.1.8b)

(/Users/smritibhat/Library/TinyTeX/texmf-dist/tex/generic/pgf/math/pgfmath.code
.tex
(/Users/smritibhat/Library/TinyTeX/texmf-dist/tex/generic/pgf/math/pgfmathcalc.
code.tex
(/Users/smritibhat/Library/TinyTeX/texmf-dist/tex/generic/pgf/math/pgfmathutil.
code.tex)
(/Users/smritibhat/Library/TinyTeX/texmf-dist/tex/generic/pgf/math/pgfmathparse
r.code.tex
\pgfmath@dimen=\dimen175
\pgfmath@count=\count288
\pgfmath@box=\box52
\pgfmath@toks=\toks34
\pgfmath@stack@operand=\toks35
\pgfmath@stack@operation=\toks36
)
(/Users/smritibhat/Library/TinyTeX/texmf-dist/tex/generic/pgf/math/pgfmathfunct
ions.code.tex
(/Users/smritibhat/Library/TinyTeX/texmf-dist/tex/generic/pgf/math/pgfmathfunct
ions.basic.code.tex)
(/Users/smritibhat/Library/TinyTeX/texmf-dist/tex/generic/pgf/math/pgfmathfunct
ions.trigonometric.code.tex)
(/Users/smritibhat/Library/TinyTeX/texmf-dist/tex/generic/pgf/math/pgfmathfunct
ions.random.code.tex)
(/Users/smritibhat/Library/TinyTeX/texmf-dist/tex/generic/pgf/math/pgfmathfunct
ions.comparison.code.tex)
(/Users/smritibhat/Library/TinyTeX/texmf-dist/tex/generic/pgf/math/pgfmathfunct
ions.base.code.tex)
(/Users/smritibhat/Library/TinyTeX/texmf-dist/tex/generic/pgf/math/pgfmathfunct
ions.round.code.tex)
(/Users/smritibhat/Library/TinyTeX/texmf-dist/tex/generic/pgf/math/pgfmathfunct
ions.misc.code.tex)
(/Users/smritibhat/Library/TinyTeX/texmf-dist/tex/generic/pgf/math/pgfmathfunct
ions.integerarithmetics.code.tex)))
(/Users/smritibhat/Library/TinyTeX/texmf-dist/tex/generic/pgf/math/pgfmathfloat
.code.tex
\c@pgfmathroundto@lastzeros=\count289
))
(/Users/smritibhat/Library/TinyTeX/texmf-dist/tex/generic/pgf/math/pgfint.code.
tex)
(/Users/smritibhat/Library/TinyTeX/texmf-dist/tex/generic/pgf/basiclayer/pgfcor
epoints.code.tex
File: pgfcorepoints.code.tex 2020/12/27 v3.1.8b (3.1.8b)
\pgf@picminx=\dimen176
\pgf@picmaxx=\dimen177
\pgf@picminy=\dimen178
\pgf@picmaxy=\dimen179
\pgf@pathminx=\dimen180
\pgf@pathmaxx=\dimen181
\pgf@pathminy=\dimen182
\pgf@pathmaxy=\dimen183
\pgf@xx=\dimen184
\pgf@xy=\dimen185
\pgf@yx=\dimen186
\pgf@yy=\dimen187
\pgf@zx=\dimen188
\pgf@zy=\dimen189
)
(/Users/smritibhat/Library/TinyTeX/texmf-dist/tex/generic/pgf/basiclayer/pgfcor
epathconstruct.code.tex
File: pgfcorepathconstruct.code.tex 2020/12/27 v3.1.8b (3.1.8b)
\pgf@path@lastx=\dimen190
\pgf@path@lasty=\dimen191
)
(/Users/smritibhat/Library/TinyTeX/texmf-dist/tex/generic/pgf/basiclayer/pgfcor
epathusage.code.tex
File: pgfcorepathusage.code.tex 2020/12/27 v3.1.8b (3.1.8b)
\pgf@shorten@end@additional=\dimen192
\pgf@shorten@start@additional=\dimen193
)
(/Users/smritibhat/Library/TinyTeX/texmf-dist/tex/generic/pgf/basiclayer/pgfcor
escopes.code.tex
File: pgfcorescopes.code.tex 2020/12/27 v3.1.8b (3.1.8b)
\pgfpic=\box53
\pgf@hbox=\box54
\pgf@layerbox@main=\box55
\pgf@picture@serial@count=\count290
)
(/Users/smritibhat/Library/TinyTeX/texmf-dist/tex/generic/pgf/basiclayer/pgfcor
egraphicstate.code.tex
File: pgfcoregraphicstate.code.tex 2020/12/27 v3.1.8b (3.1.8b)
\pgflinewidth=\dimen194
)
(/Users/smritibhat/Library/TinyTeX/texmf-dist/tex/generic/pgf/basiclayer/pgfcor
etransformations.code.tex
File: pgfcoretransformations.code.tex 2020/12/27 v3.1.8b (3.1.8b)
\pgf@pt@x=\dimen195
\pgf@pt@y=\dimen196
\pgf@pt@temp=\dimen197
)
(/Users/smritibhat/Library/TinyTeX/texmf-dist/tex/generic/pgf/basiclayer/pgfcor
equick.code.tex
File: pgfcorequick.code.tex 2020/12/27 v3.1.8b (3.1.8b)
)
(/Users/smritibhat/Library/TinyTeX/texmf-dist/tex/generic/pgf/basiclayer/pgfcor
eobjects.code.tex
File: pgfcoreobjects.code.tex 2020/12/27 v3.1.8b (3.1.8b)
)
(/Users/smritibhat/Library/TinyTeX/texmf-dist/tex/generic/pgf/basiclayer/pgfcor
epathprocessing.code.tex
File: pgfcorepathprocessing.code.tex 2020/12/27 v3.1.8b (3.1.8b)
)
(/Users/smritibhat/Library/TinyTeX/texmf-dist/tex/generic/pgf/basiclayer/pgfcor
earrows.code.tex
File: pgfcorearrows.code.tex 2020/12/27 v3.1.8b (3.1.8b)
\pgfarrowsep=\dimen198
)
(/Users/smritibhat/Library/TinyTeX/texmf-dist/tex/generic/pgf/basiclayer/pgfcor
eshade.code.tex
File: pgfcoreshade.code.tex 2020/12/27 v3.1.8b (3.1.8b)
\pgf@max=\dimen199
\pgf@sys@shading@range@num=\count291
\pgf@shadingcount=\count292
)
(/Users/smritibhat/Library/TinyTeX/texmf-dist/tex/generic/pgf/basiclayer/pgfcor
eimage.code.tex
File: pgfcoreimage.code.tex 2020/12/27 v3.1.8b (3.1.8b)

(/Users/smritibhat/Library/TinyTeX/texmf-dist/tex/generic/pgf/basiclayer/pgfcor
eexternal.code.tex
File: pgfcoreexternal.code.tex 2020/12/27 v3.1.8b (3.1.8b)
\pgfexternal@startupbox=\box56
))
(/Users/smritibhat/Library/TinyTeX/texmf-dist/tex/generic/pgf/basiclayer/pgfcor
elayers.code.tex
File: pgfcorelayers.code.tex 2020/12/27 v3.1.8b (3.1.8b)
)
(/Users/smritibhat/Library/TinyTeX/texmf-dist/tex/generic/pgf/basiclayer/pgfcor
etransparency.code.tex
File: pgfcoretransparency.code.tex 2020/12/27 v3.1.8b (3.1.8b)
)
(/Users/smritibhat/Library/TinyTeX/texmf-dist/tex/generic/pgf/basiclayer/pgfcor
epatterns.code.tex
File: pgfcorepatterns.code.tex 2020/12/27 v3.1.8b (3.1.8b)
)
(/Users/smritibhat/Library/TinyTeX/texmf-dist/tex/generic/pgf/basiclayer/pgfcor
erdf.code.tex
File: pgfcorerdf.code.tex 2020/12/27 v3.1.8b (3.1.8b)
)))
(/Users/smritibhat/Library/TinyTeX/texmf-dist/tex/generic/pgf/modules/pgfmodule
shapes.code.tex
File: pgfmoduleshapes.code.tex 2020/12/27 v3.1.8b (3.1.8b)
\pgfnodeparttextbox=\box57
)
(/Users/smritibhat/Library/TinyTeX/texmf-dist/tex/generic/pgf/modules/pgfmodule
plot.code.tex
File: pgfmoduleplot.code.tex 2020/12/27 v3.1.8b (3.1.8b)
)
(/Users/smritibhat/Library/TinyTeX/texmf-dist/tex/latex/pgf/compatibility/pgfco
mp-version-0-65.sty
Package: pgfcomp-version-0-65 2020/12/27 v3.1.8b (3.1.8b)
\pgf@nodesepstart=\dimen256
\pgf@nodesepend=\dimen257
)
(/Users/smritibhat/Library/TinyTeX/texmf-dist/tex/latex/pgf/compatibility/pgfco
mp-version-1-18.sty
Package: pgfcomp-version-1-18 2020/12/27 v3.1.8b (3.1.8b)
)) (/Users/smritibhat/Library/TinyTeX/texmf-dist/tex/latex/tools/verbatim.sty
Package: verbatim 2020-07-07 v1.5u LaTeX2e package for verbatim enhancements
\every@verbatim=\toks37
\verbatim@line=\toks38
\verbatim@in@stream=\read3
) (/Users/smritibhat/Library/TinyTeX/texmf-dist/tex/latex/environ/environ.sty
Package: environ 2014/05/04 v0.3 A new way to define environments

(/Users/smritibhat/Library/TinyTeX/texmf-dist/tex/latex/trimspaces/trimspaces.s
ty
Package: trimspaces 2009/09/17 v1.1 Trim spaces around a token list
)) (/Users/smritibhat/Library/TinyTeX/texmf-dist/tex/latex/etoolbox/etoolbox.st
y
Package: etoolbox 2020/10/05 v2.5k e-TeX tools for LaTeX (JAW)
\etb@tempcnta=\count293
)
\tcb@titlebox=\box58
\tcb@upperbox=\box59
\tcb@lowerbox=\box60
\tcb@phantombox=\box61
\c@tcbbreakpart=\count294
\c@tcblayer=\count295
\c@tcolorbox@number=\count296
\tcb@temp=\box62
\tcb@temp=\box63
\tcb@temp=\box64
\tcb@temp=\box65
\tcb@out=\write4
\tcb@record@out=\write5

(/Users/smritibhat/Library/TinyTeX/texmf-dist/tex/latex/tcolorbox/tcbraster.cod
e.tex
Library (tcolorbox): 'tcbraster.code.tex' version '4.42'
\c@tcbrastercolumn=\count297
\c@tcbrasterrow=\count298
\c@tcbraster=\count299
)
(/Users/smritibhat/Library/TinyTeX/texmf-dist/tex/latex/tcolorbox/tcbskins.code
.tex
Library (tcolorbox): 'tcbskins.code.tex' version '4.42'

(/Users/smritibhat/Library/TinyTeX/texmf-dist/tex/latex/pgf/frontendlayer/tikz.
sty
(/Users/smritibhat/Library/TinyTeX/texmf-dist/tex/latex/pgf/utilities/pgffor.st
y
(/Users/smritibhat/Library/TinyTeX/texmf-dist/tex/latex/pgf/utilities/pgfkeys.s
ty
(/Users/smritibhat/Library/TinyTeX/texmf-dist/tex/generic/pgf/utilities/pgfkeys
.code.tex)) (/Users/smritibhat/Library/TinyTeX/texmf-dist/tex/latex/pgf/math/pg
fmath.sty
(/Users/smritibhat/Library/TinyTeX/texmf-dist/tex/generic/pgf/math/pgfmath.code
.tex))
(/Users/smritibhat/Library/TinyTeX/texmf-dist/tex/generic/pgf/utilities/pgffor.
code.tex
Package: pgffor 2020/12/27 v3.1.8b (3.1.8b)

(/Users/smritibhat/Library/TinyTeX/texmf-dist/tex/generic/pgf/math/pgfmath.code
.tex)
\pgffor@iter=\dimen258
\pgffor@skip=\dimen259
\pgffor@stack=\toks39
\pgffor@toks=\toks40
))
(/Users/smritibhat/Library/TinyTeX/texmf-dist/tex/generic/pgf/frontendlayer/tik
z/tikz.code.tex
Package: tikz 2020/12/27 v3.1.8b (3.1.8b)

(/Users/smritibhat/Library/TinyTeX/texmf-dist/tex/generic/pgf/libraries/pgflibr
aryplothandlers.code.tex
File: pgflibraryplothandlers.code.tex 2020/12/27 v3.1.8b (3.1.8b)
\pgf@plot@mark@count=\count300
\pgfplotmarksize=\dimen260
)
\tikz@lastx=\dimen261
\tikz@lasty=\dimen262
\tikz@lastxsaved=\dimen263
\tikz@lastysaved=\dimen264
\tikz@lastmovetox=\dimen265
\tikz@lastmovetoy=\dimen266
\tikzleveldistance=\dimen267
\tikzsiblingdistance=\dimen268
\tikz@figbox=\box66
\tikz@figbox@bg=\box67
\tikz@tempbox=\box68
\tikz@tempbox@bg=\box69
\tikztreelevel=\count301
\tikznumberofchildren=\count302
\tikznumberofcurrentchild=\count303
\tikz@fig@count=\count304

(/Users/smritibhat/Library/TinyTeX/texmf-dist/tex/generic/pgf/modules/pgfmodule
matrix.code.tex
File: pgfmodulematrix.code.tex 2020/12/27 v3.1.8b (3.1.8b)
\pgfmatrixcurrentrow=\count305
\pgfmatrixcurrentcolumn=\count306
\pgf@matrix@numberofcolumns=\count307
)
\tikz@expandcount=\count308

(/Users/smritibhat/Library/TinyTeX/texmf-dist/tex/generic/pgf/frontendlayer/tik
z/libraries/tikzlibrarytopaths.code.tex
File: tikzlibrarytopaths.code.tex 2020/12/27 v3.1.8b (3.1.8b)
)))
\tcb@waterbox=\box70

(/Users/smritibhat/Library/TinyTeX/texmf-dist/tex/latex/tcolorbox/tcbskinsjigsa
w.code.tex
Library (tcolorbox): 'tcbskinsjigsaw.code.tex' version '4.42'
))
(/Users/smritibhat/Library/TinyTeX/texmf-dist/tex/latex/tcolorbox/tcbbreakable.
code.tex
Library (tcolorbox): 'tcbbreakable.code.tex' version '4.42'
(/Users/smritibhat/Library/TinyTeX/texmf-dist/tex/generic/oberdiek/pdfcol.sty
Package: pdfcol 2019/12/29 v1.6 Handle new color stacks for pdfTeX (HO)
)
Package pdfcol Info: New color stack `tcb@breakable' = 1 on input line 23.
\tcb@testbox=\box71
\tcb@totalupperbox=\box72
\tcb@totallowerbox=\box73
)
(/Users/smritibhat/Library/TinyTeX/texmf-dist/tex/latex/tcolorbox/tcbhooks.code
.tex
Library (tcolorbox): 'tcbhooks.code.tex' version '4.42'
)
(/Users/smritibhat/Library/TinyTeX/texmf-dist/tex/latex/tcolorbox/tcbtheorems.c
ode.tex
Library (tcolorbox): 'tcbtheorems.code.tex' version '4.42'
)
(/Users/smritibhat/Library/TinyTeX/texmf-dist/tex/latex/tcolorbox/tcbfitting.co
de.tex
Library (tcolorbox): 'tcbfitting.code.tex' version '4.42'
\tcbfitdim=\dimen269
\tcb@lowerfitdim=\dimen270
\tcb@upperfitdim=\dimen271
\tcb@cur@hbadness=\count309
)
(/Users/smritibhat/Library/TinyTeX/texmf-dist/tex/latex/tcolorbox/tcbxparse.cod
e.tex
Library (tcolorbox): 'tcbxparse.code.tex' version '4.42'

(/Users/smritibhat/Library/TinyTeX/texmf-dist/tex/latex/l3packages/xparse/xpars
e.sty (/Users/smritibhat/Library/TinyTeX/texmf-dist/tex/latex/l3kernel/expl3.st
y
Package: expl3 2021-02-18 L3 programming layer (loader) 

(/Users/smritibhat/Library/TinyTeX/texmf-dist/tex/latex/l3backend/l3backend-pdf
tex.def
File: l3backend-pdftex.def 2021-03-18 L3 backend support: PDF output (pdfTeX)
\l__color_backend_stack_int=\count310
\l__pdf_internal_box=\box74
))
(/Users/smritibhat/Library/TinyTeX/texmf-dist/tex/latex/l3packages/xparse/xpars
e-2020-10-01.sty
(/Users/smritibhat/Library/TinyTeX/texmf-dist/tex/latex/l3packages/xparse/xpars
e-generic.tex))))
(/Users/smritibhat/Library/TinyTeX/texmf-dist/tex/latex/tcolorbox/tcblistingsut
f8.code.tex
Library (tcolorbox): 'tcblistingsutf8.code.tex' version '4.42'

(/Users/smritibhat/Library/TinyTeX/texmf-dist/tex/latex/tcolorbox/tcblistings.c
ode.tex
Library (tcolorbox): 'tcblistings.code.tex' version '4.42'
(/Users/smritibhat/Library/TinyTeX/texmf-dist/tex/latex/listings/listings.sty
\lst@mode=\count311
\lst@gtempboxa=\box75
\lst@token=\toks41
\lst@length=\count312
\lst@currlwidth=\dimen272
\lst@column=\count313
\lst@pos=\count314
\lst@lostspace=\dimen273
\lst@width=\dimen274
\lst@newlines=\count315
\lst@lineno=\count316
\lst@maxwidth=\dimen275
(/Users/smritibhat/Library/TinyTeX/texmf-dist/tex/latex/listings/lstmisc.sty
File: lstmisc.sty 2020/03/24 1.8d (Carsten Heinz)
\c@lstnumber=\count317
\lst@skipnumbers=\count318
\lst@framebox=\box76
) (/Users/smritibhat/Library/TinyTeX/texmf-dist/tex/latex/listings/listings.cfg
File: listings.cfg 2020/03/24 1.8d listings configuration
))
Package: listings 2020/03/24 1.8d (Carsten Heinz)

(/Users/smritibhat/Library/TinyTeX/texmf-dist/tex/latex/tcolorbox/tcblistingsco
re.code.tex
Library (tcolorbox): 'tcblistingscore.code.tex' version '4.42'

(/Users/smritibhat/Library/TinyTeX/texmf-dist/tex/latex/tcolorbox/tcbprocessing
.code.tex
Library (tcolorbox): 'tcbprocessing.code.tex' version '4.42'
(/Users/smritibhat/Library/TinyTeX/texmf-dist/tex/latex/tools/shellesc.sty
Package: shellesc 2019/11/08 v1.0c unified shell escape interface for LaTeX
Package shellesc Info: Restricted shell escape enabled on input line 77.
))
\c@tcblisting=\count319
))
(/Users/smritibhat/Library/TinyTeX/texmf-dist/tex/latex/listingsutf8/listingsut
f8.sty
Package: listingsutf8 2019-12-10 v1.5 Allow UTF-8 in listings input (HO)

(/Users/smritibhat/Library/TinyTeX/texmf-dist/tex/generic/stringenc/stringenc.s
ty
Package: stringenc 2019/11/29 v1.12 Convert strings between diff. encodings (HO
)
)))
(/Users/smritibhat/Library/TinyTeX/texmf-dist/tex/latex/tcolorbox/tcbexternal.c
ode.tex
Library (tcolorbox): 'tcbexternal.code.tex' version '4.42'
)
(/Users/smritibhat/Library/TinyTeX/texmf-dist/tex/latex/tcolorbox/tcbmagazine.c
ode.tex
Library (tcolorbox): 'tcbmagazine.code.tex' version '4.42'
)
(/Users/smritibhat/Library/TinyTeX/texmf-dist/tex/latex/tcolorbox/tcbvignette.c
ode.tex
Library (tcolorbox): 'tcbvignette.code.tex' version '4.42'

(/Users/smritibhat/Library/TinyTeX/texmf-dist/tex/generic/pgf/frontendlayer/tik
z/libraries/tikzlibraryfadings.code.tex
File: tikzlibraryfadings.code.tex 2020/12/27 v3.1.8b (3.1.8b)

(/Users/smritibhat/Library/TinyTeX/texmf-dist/tex/generic/pgf/libraries/pgflibr
aryfadings.code.tex
File: pgflibraryfadings.code.tex 2020/12/27 v3.1.8b (3.1.8b)
)))
(/Users/smritibhat/Library/TinyTeX/texmf-dist/tex/latex/tcolorbox/tcbposter.cod
e.tex
Library (tcolorbox): 'tcbposter.code.tex' version '4.42'
)) (/Users/smritibhat/Library/TinyTeX/texmf-dist/tex/latex/sectsty/sectsty.sty
Package: sectsty 2002/02/25 v2.0.2 Commands to change all sectional heading sty
les

LaTeX Warning: Command \underbar  has changed.
               Check if current package is valid.


LaTeX Warning: Command \underline  has changed.
               Check if current package is valid.

) (/Users/smritibhat/Library/TinyTeX/texmf-dist/tex/latex/fancyhdr/fancyhdr.sty
Package: fancyhdr 2021/01/28 v4.0.1 Extensive control of page headers and foote
rs
\f@nch@headwidth=\skip57
\f@nch@O@elh=\skip58
\f@nch@O@erh=\skip59
\f@nch@O@olh=\skip60
\f@nch@O@orh=\skip61
\f@nch@O@elf=\skip62
\f@nch@O@erf=\skip63
\f@nch@O@olf=\skip64
\f@nch@O@orf=\skip65
) (/Users/smritibhat/Library/TinyTeX/texmf-dist/tex/latex/natbib/natbib.sty
Package: natbib 2010/09/13 8.31b (PWD, AO)
\bibhang=\skip66
\bibsep=\skip67
LaTeX Info: Redefining \cite on input line 694.
\c@NAT@ctr=\count320
) (./week9demo.aux)
\openout1 = `week9demo.aux'.

LaTeX Font Info:    Checking defaults for OML/cmm/m/it on input line 91.
LaTeX Font Info:    ... okay on input line 91.
LaTeX Font Info:    Checking defaults for OMS/cmsy/m/n on input line 91.
LaTeX Font Info:    ... okay on input line 91.
LaTeX Font Info:    Checking defaults for OT1/cmr/m/n on input line 91.
LaTeX Font Info:    ... okay on input line 91.
LaTeX Font Info:    Checking defaults for T1/cmr/m/n on input line 91.
LaTeX Font Info:    ... okay on input line 91.
LaTeX Font Info:    Checking defaults for TS1/cmr/m/n on input line 91.
LaTeX Font Info:    ... okay on input line 91.
LaTeX Font Info:    Checking defaults for OMX/cmex/m/n on input line 91.
LaTeX Font Info:    ... okay on input line 91.
LaTeX Font Info:    Checking defaults for U/cmr/m/n on input line 91.
LaTeX Font Info:    ... okay on input line 91.
LaTeX Font Info:    Checking defaults for PD1/pdf/m/n on input line 91.
LaTeX Font Info:    ... okay on input line 91.
LaTeX Font Info:    Checking defaults for PU/pdf/m/n on input line 91.
LaTeX Font Info:    ... okay on input line 91.
LaTeX Info: Redefining \microtypecontext on input line 91.
Package microtype Info: Generating PDF output.
Package microtype Info: Character protrusion enabled (level 2).
Package microtype Info: Using protrusion set `basicmath'.
Package microtype Info: Automatic font expansion enabled (level 2),
(microtype)             stretch: 20, shrink: 20, step: 1, non-selected.
Package microtype Info: Using default expansion set `alltext-nott'.
LaTeX Info: Redefining \showhyphens on input line 91.
Package microtype Info: No adjustment of tracking.
Package microtype Info: No adjustment of interword spacing.
Package microtype Info: No adjustment of character kerning.
(/Users/smritibhat/Library/TinyTeX/texmf-dist/tex/latex/microtype/mt-cmr.cfg
File: mt-cmr.cfg 2013/05/19 v2.2 microtype config. file: Computer Modern Roman 
(RS)
)
(/Users/smritibhat/Library/TinyTeX/texmf-dist/tex/latex/epstopdf-pkg/epstopdf-b
ase.sty
Package: epstopdf-base 2020-01-24 v2.11 Base part for package epstopdf
Package epstopdf-base Info: Redefining graphics rule for `.eps' on input line 4
85.

(/Users/smritibhat/Library/TinyTeX/texmf-dist/tex/latex/latexconfig/epstopdf-sy
s.cfg
File: epstopdf-sys.cfg 2010/07/13 v1.3 Configuration of (r)epstopdf for TeX Liv
e
))
Package hyperref Info: Link coloring OFF on input line 91.
(/Users/smritibhat/Library/TinyTeX/texmf-dist/tex/latex/hyperref/nameref.sty
Package: nameref 2021-04-02 v2.47 Cross-referencing by name of section
(/Users/smritibhat/Library/TinyTeX/texmf-dist/tex/latex/refcount/refcount.sty
Package: refcount 2019/12/15 v3.6 Data extraction from label references (HO)
)
(/Users/smritibhat/Library/TinyTeX/texmf-dist/tex/generic/gettitlestring/gettit
lestring.sty
Package: gettitlestring 2019/12/15 v1.6 Cleanup title references (HO)
)
\c@section@level=\count321
)
LaTeX Info: Redefining \ref on input line 91.
LaTeX Info: Redefining \pageref on input line 91.
LaTeX Info: Redefining \nameref on input line 91.
(./week9demo.out) (./week9demo.out)
\@outlinefile=\write6
\openout6 = `week9demo.out'.

*geometry* driver: auto-detecting
*geometry* detected driver: pdftex
*geometry* verbose mode - [ preamble ] result:
* driver: pdftex
* paper: <default>
* layout: <same size as paper>
* layoutoffset:(h,v)=(0.0pt,0.0pt)
* modes: 
* h-part:(L,W,R)=(72.26999pt, 469.75502pt, 72.26999pt)
* v-part:(T,H,B)=(72.26999pt, 650.43001pt, 72.26999pt)
* \paperwidth=614.295pt
* \paperheight=794.96999pt
* \textwidth=469.75502pt
* \textheight=650.43001pt
* \oddsidemargin=0.0pt
* \evensidemargin=0.0pt
* \topmargin=-37.0pt
* \headheight=12.0pt
* \headsep=25.0pt
* \topskip=10.0pt
* \footskip=30.0pt
* \marginparwidth=65.0pt
* \marginparsep=11.0pt
* \columnsep=10.0pt
* \skip\footins=9.0pt plus 4.0pt minus 2.0pt
* \hoffset=0.0pt
* \voffset=0.0pt
* \mag=1000
* \@twocolumnfalse
* \@twosidefalse
* \@mparswitchfalse
* \@reversemarginfalse
* (1in=72.27pt=25.4mm, 1cm=28.453pt)

\c@lstlisting=\count322
<Images/sam-albury-oA7MMRxTVzo-unsplash.jpg, id=59, 4175.6pt x 3131.7pt>
File: Images/sam-albury-oA7MMRxTVzo-unsplash.jpg Graphic file (type jpg)
<use Images/sam-albury-oA7MMRxTVzo-unsplash.jpg>
Package pdftex.def Info: Images/sam-albury-oA7MMRxTVzo-unsplash.jpg  used on in
put line 92.
(pdftex.def)             Requested size: 361.32462pt x 270.99345pt.
LaTeX Font Info:    Trying to load font information for OT1+lmr on input line 9
2.
(/Users/smritibhat/Library/TinyTeX/texmf-dist/tex/latex/lm/ot1lmr.fd
File: ot1lmr.fd 2015/05/01 v1.6.1 Font defs for Latin Modern
)
LaTeX Font Info:    Trying to load font information for OML+lmm on input line 9
2.
(/Users/smritibhat/Library/TinyTeX/texmf-dist/tex/latex/lm/omllmm.fd
File: omllmm.fd 2015/05/01 v1.6.1 Font defs for Latin Modern
)
LaTeX Font Info:    Trying to load font information for OMS+lmsy on input line 
92.
(/Users/smritibhat/Library/TinyTeX/texmf-dist/tex/latex/lm/omslmsy.fd
File: omslmsy.fd 2015/05/01 v1.6.1 Font defs for Latin Modern
)
LaTeX Font Info:    Trying to load font information for OMX+lmex on input line 
92.
(/Users/smritibhat/Library/TinyTeX/texmf-dist/tex/latex/lm/omxlmex.fd
File: omxlmex.fd 2015/05/01 v1.6.1 Font defs for Latin Modern
)
LaTeX Font Info:    External font `lmex10' loaded for size
(Font)              <12> on input line 92.
LaTeX Font Info:    External font `lmex10' loaded for size
(Font)              <8> on input line 92.
LaTeX Font Info:    External font `lmex10' loaded for size
(Font)              <6> on input line 92.
LaTeX Font Info:    Trying to load font information for U+msa on input line 92.

(/Users/smritibhat/Library/TinyTeX/texmf-dist/tex/latex/amsfonts/umsa.fd
File: umsa.fd 2013/01/14 v3.01 AMS symbols A
) (/Users/smritibhat/Library/TinyTeX/texmf-dist/tex/latex/microtype/mt-msa.cfg
File: mt-msa.cfg 2006/02/04 v1.1 microtype config. file: AMS symbols (a) (RS)
)
LaTeX Font Info:    Trying to load font information for U+msb on input line 92.

(/Users/smritibhat/Library/TinyTeX/texmf-dist/tex/latex/amsfonts/umsb.fd
File: umsb.fd 2013/01/14 v3.01 AMS symbols B
) (/Users/smritibhat/Library/TinyTeX/texmf-dist/tex/latex/microtype/mt-msb.cfg
File: mt-msb.cfg 2005/06/01 v1.0 microtype config. file: AMS symbols (b) (RS)
) (./week9demo.toc)
\tf@toc=\write7
\openout7 = `week9demo.toc'.

[1

{/Users/smritibhat/Library/TinyTeX/texmf-var/fonts/map/pdftex/updmap/pdftex.map
} <./Images/sam-albury-oA7MMRxTVzo-unsplash.jpg>]
LaTeX Font Info:    Trying to load font information for T1+lmtt on input line 1
03.
(/Users/smritibhat/Library/TinyTeX/texmf-dist/tex/latex/lm/t1lmtt.fd
File: t1lmtt.fd 2015/05/01 v1.6.1 Font defs for Latin Modern
)
<week9demo_files/figure-latex/datatbl-1.pdf, id=75, 469.755pt x 325.215pt>
File: week9demo_files/figure-latex/datatbl-1.pdf Graphic file (type pdf)
<use week9demo_files/figure-latex/datatbl-1.pdf>
Package pdftex.def Info: week9demo_files/figure-latex/datatbl-1.pdf  used on in
put line 125.
(pdftex.def)             Requested size: 469.75386pt x 325.2142pt.
LaTeX Font Info:    External font `lmex10' loaded for size
(Font)              <10> on input line 131.
LaTeX Font Info:    External font `lmex10' loaded for size
(Font)              <7> on input line 131.
LaTeX Font Info:    External font `lmex10' loaded for size
(Font)              <5> on input line 131.
[2

pdfTeX warning (ext4): destination with the same identifier (name{figure.1}) ha
s been already used, duplicate ignored
<argument> ...shipout:D \box_use:N \l_shipout_box 
                                                  
l.134 \clearpage
                 <./week9demo_files/figure-latex/datatbl-1.pdf>] [3] [4

] [5

] [6

] (./week9demo.bbl
Package microtype Info: Character `029' is missing
(microtype)             in font `T1/lmr/m/sc/10'.
(microtype)             Ignoring protrusion settings for this character.
) [7

] (./week9demo.aux)
Package rerunfilecheck Info: File `week9demo.out' has not changed.
(rerunfilecheck)             Checksum: 8DA00DE9E6BE122E00A5D2F1DD0F0FC5;364.
 ) 
Here is how much of TeX's memory you used:
 30121 strings out of 480954
 580870 string characters out of 5906450
 917038 words of memory out of 5000000
 46692 multiletter control sequences out of 15000+600000
 468548 words of font info for 109 fonts, out of 8000000 for 9000
 14 hyphenation exceptions out of 8191
 101i,11n,108p,441b,342s stack positions out of 5000i,500n,10000p,200000b,80000s
{/Users/smritibhat/Library/TinyTeX/texmf-dist/fonts/enc/dvips/lm/lm-ec.enc}</
Users/smritibhat/Library/TinyTeX/texmf-dist/fonts/type1/public/lm/lmbx10.pfb></
Users/smritibhat/Library/TinyTeX/texmf-dist/fonts/type1/public/lm/lmbx12.pfb></
Users/smritibhat/Library/TinyTeX/texmf-dist/fonts/type1/public/lm/lmcsc10.pfb><
/Users/smritibhat/Library/TinyTeX/texmf-dist/fonts/type1/public/lm/lmr10.pfb></
Users/smritibhat/Library/TinyTeX/texmf-dist/fonts/type1/public/lm/lmr12.pfb></U
sers/smritibhat/Library/TinyTeX/texmf-dist/fonts/type1/public/lm/lmr17.pfb></Us
ers/smritibhat/Library/TinyTeX/texmf-dist/fonts/type1/public/lm/lmr6.pfb></User
s/smritibhat/Library/TinyTeX/texmf-dist/fonts/type1/public/lm/lmr7.pfb></Users/
smritibhat/Library/TinyTeX/texmf-dist/fonts/type1/public/lm/lmr8.pfb></Users/sm
ritibhat/Library/TinyTeX/texmf-dist/fonts/type1/public/lm/lmri10.pfb></Users/sm
ritibhat/Library/TinyTeX/texmf-dist/fonts/type1/public/lm/lmro10.pfb></Users/sm
ritibhat/Library/TinyTeX/texmf-dist/fonts/type1/public/lm/lmtt10.pfb>
Output written on week9demo.pdf (7 pages, 666868 bytes).
PDF statistics:
 177 PDF objects out of 1000 (max. 8388607)
 127 compressed objects within 2 object streams
 23 named destinations out of 1000 (max. 500000)
 37063 words of extra memory for PDF output out of 42996 (max. 10000000)

>>>>>>> 5c5528e6480c907aec177bfba04a6b96c9d6fdd5
